[01:00:56] [main/INFO] (FabricLoader/GameProvider) Loading Minecraft 1.20.2 with Fabric Loader 0.14.24
[01:00:57] [main/INFO] (FabricLoader) Loading 43 mods:
	- customportalapi 0.0.1-beta64-1.20.2
	- fabric-api 0.90.7+1.20.2
	- fabric-api-base 0.4.33+fce67b32a0
	- fabric-api-lookup-api-v1 1.6.42+b1792f7da0
	- fabric-biome-api-v1 13.0.14+b1792f7da0
	- fabric-block-api-v1 1.0.12+73761d2ea0
	- fabric-block-view-api-v2 1.0.1+73761d2ea0
	- fabric-command-api-v1 1.2.37+f71b366fa0
	- fabric-command-api-v2 2.2.16+b1792f7da0
	- fabric-commands-v0 0.2.54+df3654b3a0
	- fabric-containers-v0 0.1.75+df3654b3a0
	- fabric-content-registries-v0 5.0.5+b1792f7da0
	- fabric-convention-tags-v1 1.5.8+b1792f7da0
	- fabric-crash-report-info-v1 0.2.20+f4b7e424a0
	- fabric-data-generation-api-v1 13.1.5+b1792f7da0
	- fabric-dimensions-v1 2.1.57+b1792f7da0
	- fabric-entity-events-v1 1.5.26+b1792f7da0
	- fabric-events-interaction-v0 0.6.10+b1792f7da0
	- fabric-events-lifecycle-v0 0.2.69+df3654b3a0
	- fabric-game-rule-api-v1 1.0.42+a44e16a6a0
	- fabric-gametest-api-v1 1.2.16+b1792f7da0
	- fabric-item-api-v1 2.1.33+b1792f7da0
	- fabric-item-group-api-v1 4.0.15+e3d2bf3fa0
	- fabric-lifecycle-events-v1 2.2.27+b1792f7da0
	- fabric-loot-api-v2 2.1.1+3ba460fba0
	- fabric-message-api-v1 6.0.2+e3d2bf3fa0
	- fabric-mining-level-api-v1 2.1.55+f4b7e424a0
	- fabric-networking-api-v1 3.0.11+bff13c85a0
	- fabric-object-builder-api-v1 12.1.2+2ff98d3ba0
	- fabric-particles-v1 1.1.4+f4b7e424a0
	- fabric-recipe-api-v1 2.0.8+52b3ebe5a0
	- fabric-registry-sync-v0 4.0.6+b1792f7da0
	- fabric-rendering-data-attachment-v1 0.3.39+73761d2ea0
	- fabric-rendering-fluids-v1 3.0.30+f4b7e424a0
	- fabric-resource-conditions-api-v1 2.3.10+e3d2bf3fa0
	- fabric-resource-loader-v0 0.11.12+b1792f7da0
	- fabric-screen-handler-api-v1 1.3.41+b1792f7da0
	- fabric-transfer-api-v1 3.3.10+bb1ee60ea0
	- fabric-transitive-access-wideners-v1 5.0.3+fce67b32a0
	- fabricloader 0.14.24
	- java 21
	- liminality 1.0.0
	- minecraft 1.20.2
[01:00:57] [main/INFO] (FabricLoader/Mixin) SpongePowered MIXIN Subsystem Version=0.8.5 Source=file:/C:/Users/prest/.gradle/caches/modules-2/files-2.1/net.fabricmc/sponge-mixin/0.12.5+mixin.0.8.5/8d31fb97c3e0cd7c8dad3441851c523bcfae6d8e/sponge-mixin-0.12.5+mixin.0.8.5.jar Service=Knot/Fabric Env=SERVER
[01:00:58] [main/INFO] (FabricLoader/Mixin) Loaded Fabric development mappings for mixin remapper!
[01:00:58] [main/INFO] (FabricLoader/Mixin) Compatibility level set to JAVA_16
[01:00:58] [main/INFO] (FabricLoader/Mixin) Compatibility level set to JAVA_17
[01:01:20] [main/INFO] (liminality) [Liminality] Registering items
[01:01:20] [main/INFO] (liminality) [Liminality] Registering blocks
[01:01:20] [main/INFO] (liminality) [Liminality] Registering item groups
[01:01:20] [main/INFO] (liminality) [Liminality] Registering portals
[01:01:20] [main/INFO] (liminality) [Liminality] Registering block entities
[01:01:20] [main/INFO] (FabricDataGenHelper) Running data generator for liminality
[01:01:20] [main/INFO] (Minecraft) Starting provider: Liminality/Model Definitions
[01:01:20] [main/INFO] (Minecraft) Liminality/Model Definitions finished after 140 ms
[01:01:20] [main/INFO] (Minecraft) Starting provider: Liminality/Tags for minecraft:item
[01:01:21] [main/INFO] (Minecraft) Liminality/Tags for minecraft:item finished after 719 ms
[01:01:21] [main/INFO] (Minecraft) Starting provider: Liminality/Tags for minecraft:block
[01:01:21] [main/INFO] (Minecraft) Liminality/Tags for minecraft:block finished after 0 ms
[01:01:21] [main/INFO] (Minecraft) Starting provider: Liminality/Block Loot Tables
[01:01:21] [main/INFO] (Minecraft) Liminality/Block Loot Tables finished after 101 ms
[01:01:21] [main/INFO] (Minecraft) Starting provider: Liminality/Recipes
[01:01:21] [main/INFO] (Minecraft) Liminality/Recipes finished after 2 ms
[01:01:21] [main/INFO] (Minecraft) All providers took: 970 ms
[01:01:21] [main/INFO] (Minecraft) Caching: total files: 3, old count: 1, new count: 4, removed stale: 0, written: 3
